<?xml version="1.0" encoding="UTF-8" ?>
<testsuite failures="1" time="0.067" errors="0" skipped="0" tests="2" name="com.metropolitana.multipagos.forms.TestUtils">
  <properties>
    <property name="java.runtime.name" value="Java(TM) SE Runtime Environment"/>
    <property name="sun.boot.library.path" value="/usr/java/jdk1.7.0_04/jre/lib/i386"/>
    <property name="java.vm.version" value="23.0-b21"/>
    <property name="java.vm.vendor" value="Oracle Corporation"/>
    <property name="java.vendor.url" value="http://java.oracle.com/"/>
    <property name="path.separator" value=":"/>
    <property name="java.vm.name" value="Java HotSpot(TM) Server VM"/>
    <property name="file.encoding.pkg" value="sun.io"/>
    <property name="user.country" value="US"/>
    <property name="sun.java.launcher" value="SUN_STANDARD"/>
    <property name="sun.os.patch.level" value="unknown"/>
    <property name="java.vm.specification.name" value="Java Virtual Machine Specification"/>
    <property name="user.dir" value="/home/rmarquez/workspace/multipagos/dao"/>
    <property name="java.runtime.version" value="1.7.0_04-b20"/>
    <property name="java.awt.graphicsenv" value="sun.awt.X11GraphicsEnvironment"/>
    <property name="basedir" value="/home/rmarquez/workspace/multipagos/dao"/>
    <property name="java.endorsed.dirs" value="/usr/java/jdk1.7.0_04/jre/lib/endorsed"/>
    <property name="os.arch" value="i386"/>
    <property name="surefire.real.class.path" value="/tmp/surefirebooter5926336101460301227.jar"/>
    <property name="java.io.tmpdir" value="/tmp"/>
    <property name="line.separator" value="
"/>
    <property name="java.vm.specification.vendor" value="Oracle Corporation"/>
    <property name="os.name" value="Linux"/>
    <property name="sun.jnu.encoding" value="UTF-8"/>
    <property name="java.library.path" value="/usr/java/packages/lib/i386:/lib:/usr/lib"/>
    <property name="surefire.test.class.path" value="/home/rmarquez/workspace/multipagos/dao/target/test-classes:/home/rmarquez/workspace/multipagos/dao/target/classes:/home/rmarquez/.m2/repository/net/sourceforge/jexcelapi/jxl/2.6/jxl-2.6.jar:/home/rmarquez/.m2/repository/cglib/cglib/2.1_3/cglib-2.1_3.jar:/home/rmarquez/.m2/repository/asm/asm/1.5.3/asm-1.5.3.jar:/home/rmarquez/.m2/repository/commons-beanutils/commons-beanutils-core/1.7.0/commons-beanutils-core-1.7.0.jar:/home/rmarquez/.m2/repository/commons-logging/commons-logging/1.0.4/commons-logging-1.0.4.jar:/home/rmarquez/.m2/repository/commons-collections/commons-collections/3.2/commons-collections-3.2.jar:/home/rmarquez/.m2/repository/commons-lang/commons-lang/2.1/commons-lang-2.1.jar:/home/rmarquez/.m2/repository/commons-pool/commons-pool/1.3/commons-pool-1.3.jar:/home/rmarquez/.m2/repository/commons-codec/commons-codec/1.3/commons-codec-1.3.jar:/home/rmarquez/.m2/repository/commons-dbcp/commons-dbcp/1.2.1/commons-dbcp-1.2.1.jar:/home/rmarquez/.m2/repository/ojb/db-ojb/1.0.4-r434474/db-ojb-1.0.4-r434474.jar:/home/rmarquez/.m2/repository/postgresql/postgresql/9.0-801.jdbc4/postgresql-9.0-801.jdbc4.jar:/home/rmarquez/.m2/repository/rhino/js/1.6R2/js-1.6R2.jar:/home/rmarquez/workspace/multipagos/bean/target/multipagos-bean-1.0-SNAPSHOT.jar:/home/rmarquez/.m2/repository/log4j/log4j/1.2.14/log4j-1.2.14.jar:/home/rmarquez/.m2/repository/junit/junit/4.0/junit-4.0.jar:"/>
    <property name="java.specification.name" value="Java Platform API Specification"/>
    <property name="java.class.version" value="51.0"/>
    <property name="sun.management.compiler" value="HotSpot Tiered Compilers"/>
    <property name="os.version" value="2.6.43.2-6.fc15.i686.PAE"/>
    <property name="user.home" value="/home/rmarquez"/>
    <property name="user.timezone" value="America/Managua"/>
    <property name="java.awt.printerjob" value="sun.print.PSPrinterJob"/>
    <property name="file.encoding" value="UTF-8"/>
    <property name="java.specification.version" value="1.7"/>
    <property name="user.name" value="rmarquez"/>
    <property name="java.class.path" value="/home/rmarquez/workspace/multipagos/dao/target/test-classes:/home/rmarquez/workspace/multipagos/dao/target/classes:/home/rmarquez/.m2/repository/net/sourceforge/jexcelapi/jxl/2.6/jxl-2.6.jar:/home/rmarquez/.m2/repository/cglib/cglib/2.1_3/cglib-2.1_3.jar:/home/rmarquez/.m2/repository/asm/asm/1.5.3/asm-1.5.3.jar:/home/rmarquez/.m2/repository/commons-beanutils/commons-beanutils-core/1.7.0/commons-beanutils-core-1.7.0.jar:/home/rmarquez/.m2/repository/commons-logging/commons-logging/1.0.4/commons-logging-1.0.4.jar:/home/rmarquez/.m2/repository/commons-collections/commons-collections/3.2/commons-collections-3.2.jar:/home/rmarquez/.m2/repository/commons-lang/commons-lang/2.1/commons-lang-2.1.jar:/home/rmarquez/.m2/repository/commons-pool/commons-pool/1.3/commons-pool-1.3.jar:/home/rmarquez/.m2/repository/commons-codec/commons-codec/1.3/commons-codec-1.3.jar:/home/rmarquez/.m2/repository/commons-dbcp/commons-dbcp/1.2.1/commons-dbcp-1.2.1.jar:/home/rmarquez/.m2/repository/ojb/db-ojb/1.0.4-r434474/db-ojb-1.0.4-r434474.jar:/home/rmarquez/.m2/repository/postgresql/postgresql/9.0-801.jdbc4/postgresql-9.0-801.jdbc4.jar:/home/rmarquez/.m2/repository/rhino/js/1.6R2/js-1.6R2.jar:/home/rmarquez/workspace/multipagos/bean/target/multipagos-bean-1.0-SNAPSHOT.jar:/home/rmarquez/.m2/repository/log4j/log4j/1.2.14/log4j-1.2.14.jar:/home/rmarquez/.m2/repository/junit/junit/4.0/junit-4.0.jar:"/>
    <property name="java.vm.specification.version" value="1.7"/>
    <property name="sun.arch.data.model" value="32"/>
    <property name="java.home" value="/usr/java/jdk1.7.0_04/jre"/>
    <property name="sun.java.command" value="/tmp/surefirebooter5926336101460301227.jar /tmp/surefire7022862425878007274tmp /tmp/surefire3119434478862285349tmp"/>
    <property name="java.specification.vendor" value="Oracle Corporation"/>
    <property name="user.language" value="en"/>
    <property name="awt.toolkit" value="sun.awt.X11.XToolkit"/>
    <property name="java.vm.info" value="mixed mode"/>
    <property name="java.version" value="1.7.0_04"/>
    <property name="java.ext.dirs" value="/usr/java/jdk1.7.0_04/jre/lib/ext:/usr/java/packages/lib/ext"/>
    <property name="sun.boot.class.path" value="/usr/java/jdk1.7.0_04/jre/lib/resources.jar:/usr/java/jdk1.7.0_04/jre/lib/rt.jar:/usr/java/jdk1.7.0_04/jre/lib/sunrsasign.jar:/usr/java/jdk1.7.0_04/jre/lib/jsse.jar:/usr/java/jdk1.7.0_04/jre/lib/jce.jar:/usr/java/jdk1.7.0_04/jre/lib/charsets.jar:/usr/java/jdk1.7.0_04/jre/lib/jfr.jar:/usr/java/jdk1.7.0_04/jre/classes"/>
    <property name="java.vendor" value="Oracle Corporation"/>
    <property name="localRepository" value="/home/rmarquez/.m2/repository"/>
    <property name="file.separator" value="/"/>
    <property name="java.vendor.url.bug" value="http://bugreport.sun.com/bugreport/"/>
    <property name="sun.cpu.endian" value="little"/>
    <property name="sun.io.unicode.encoding" value="UnicodeLittle"/>
    <property name="sun.cpu.isalist" value=""/>
  </properties>
  <testcase time="0.033" classname="com.metropolitana.multipagos.forms.TestUtils" name="testUtil"/>
  <testcase time="0.018" classname="com.metropolitana.multipagos.forms.TestUtils" name="testScriptUtil">
    <failure message="El valor no es el formato de fecha completa. expected:&lt;[martes 09 de noviembre de] 2010&gt; but was:&lt;[Tuesday, November 9,] 2010&gt;" type="junit.framework.ComparisonFailure">junit.framework.ComparisonFailure: El valor no es el formato de fecha completa. expected:&lt;[martes 09 de noviembre de] 2010&gt; but was:&lt;[Tuesday, November 9,] 2010&gt;
	at junit.framework.Assert.assertEquals(Assert.java:81)
	at com.metropolitana.multipagos.forms.TestUtils.testScriptUtil(TestUtils.java:97)
	at sun.reflect.NativeMethodAccessorImpl.invoke0(Native Method)
	at sun.reflect.NativeMethodAccessorImpl.invoke(NativeMethodAccessorImpl.java:57)
	at sun.reflect.DelegatingMethodAccessorImpl.invoke(DelegatingMethodAccessorImpl.java:43)
	at java.lang.reflect.Method.invoke(Method.java:601)
	at junit.framework.TestCase.runTest(TestCase.java:164)
	at junit.framework.TestCase.runBare(TestCase.java:130)
	at junit.framework.TestResult$1.protect(TestResult.java:110)
	at junit.framework.TestResult.runProtected(TestResult.java:128)
	at junit.framework.TestResult.run(TestResult.java:113)
	at junit.framework.TestCase.run(TestCase.java:120)
	at junit.framework.TestSuite.runTest(TestSuite.java:228)
	at junit.framework.TestSuite.run(TestSuite.java:223)
	at org.junit.internal.runners.OldTestClassRunner.run(OldTestClassRunner.java:35)
	at org.apache.maven.surefire.junit4.JUnit4TestSet.execute(JUnit4TestSet.java:62)
	at org.apache.maven.surefire.suite.AbstractDirectoryTestSuite.executeTestSet(AbstractDirectoryTestSuite.java:140)
	at org.apache.maven.surefire.suite.AbstractDirectoryTestSuite.execute(AbstractDirectoryTestSuite.java:127)
	at org.apache.maven.surefire.Surefire.run(Surefire.java:177)
	at sun.reflect.NativeMethodAccessorImpl.invoke0(Native Method)
	at sun.reflect.NativeMethodAccessorImpl.invoke(NativeMethodAccessorImpl.java:57)
	at sun.reflect.DelegatingMethodAccessorImpl.invoke(DelegatingMethodAccessorImpl.java:43)
	at java.lang.reflect.Method.invoke(Method.java:601)
	at org.apache.maven.surefire.booter.SurefireBooter.runSuitesInProcess(SurefireBooter.java:345)
	at org.apache.maven.surefire.booter.SurefireBooter.main(SurefireBooter.java:1009)
</failure>
  </testcase>
</testsuite>